Release 14.7 - xst P.20131013 (nt64)
Copyright (c) 1995-2013 Xilinx, Inc.  All rights reserved.
--> Parameter TMPDIR set to xst/projnav.tmp


Total REAL time to Xst completion: 0.00 secs
Total CPU time to Xst completion: 0.14 secs
 
--> Parameter xsthdpdir set to xst


Total REAL time to Xst completion: 0.00 secs
Total CPU time to Xst completion: 0.14 secs
 
--> Reading design: ALU.prj

TABLE OF CONTENTS
  1) Synthesis Options Summary
  2) HDL Parsing
  3) HDL Elaboration
  4) HDL Synthesis
       4.1) HDL Synthesis Report
  5) Advanced HDL Synthesis
       5.1) Advanced HDL Synthesis Report
  6) Low Level Synthesis
  7) Partition Report
  8) Design Summary
       8.1) Primitive and Black Box Usage
       8.2) Device utilization summary
       8.3) Partition Resource Summary
       8.4) Timing Report
            8.4.1) Clock Information
            8.4.2) Asynchronous Control Signals Information
            8.4.3) Timing Summary
            8.4.4) Timing Details
            8.4.5) Cross Clock Domains Report


=========================================================================
*                      Synthesis Options Summary                        *
=========================================================================
---- Source Parameters
Input File Name                    : "ALU.prj"
Ignore Synthesis Constraint File   : NO

---- Target Parameters
Output File Name                   : "ALU"
Output Format                      : NGC
Target Device                      : xc7a100t-3-csg324

---- Source Options
Top Module Name                    : ALU
Automatic FSM Extraction           : YES
FSM Encoding Algorithm             : Auto
Safe Implementation                : No
FSM Style                          : LUT
RAM Extraction                     : Yes
RAM Style                          : Auto
ROM Extraction                     : Yes
Shift Register Extraction          : YES
ROM Style                          : Auto
Resource Sharing                   : YES
Asynchronous To Synchronous        : NO
Shift Register Minimum Size        : 2
Use DSP Block                      : Auto
Automatic Register Balancing       : No

---- Target Options
LUT Combining                      : Auto
Reduce Control Sets                : Auto
Add IO Buffers                     : YES
Global Maximum Fanout              : 100000
Add Generic Clock Buffer(BUFG)     : 32
Register Duplication               : YES
Optimize Instantiated Primitives   : NO
Use Clock Enable                   : Auto
Use Synchronous Set                : Auto
Use Synchronous Reset              : Auto
Pack IO Registers into IOBs        : Auto
Equivalent register Removal        : YES

---- General Options
Optimization Goal                  : Speed
Optimization Effort                : 1
Power Reduction                    : NO
Keep Hierarchy                     : No
Netlist Hierarchy                  : As_Optimized
RTL Output                         : Yes
Global Optimization                : AllClockNets
Read Cores                         : YES
Write Timing Constraints           : NO
Cross Clock Analysis               : NO
Hierarchy Separator                : /
Bus Delimiter                      : <>
Case Specifier                     : Maintain
Slice Utilization Ratio            : 100
BRAM Utilization Ratio             : 100
DSP48 Utilization Ratio            : 100
Auto BRAM Packing                  : NO
Slice Utilization Ratio Delta      : 5

=========================================================================


=========================================================================
*                          HDL Parsing                                  *
=========================================================================
Analyzing Verilog file "G:\GitRepositories\8th Semester\Architecture Lab 2020\MIPS\Codes\ALU.v" into library work
Parsing module <ALU>.

=========================================================================
*                            HDL Elaboration                            *
=========================================================================

Elaborating module <ALU>.
WARNING:HDLCompiler:413 - "G:\GitRepositories\8th Semester\Architecture Lab 2020\MIPS\Codes\ALU.v" Line 30: Result of 32-bit expression is truncated to fit in 16-bit target.

=========================================================================
*                           HDL Synthesis                               *
=========================================================================

Synthesizing Unit <ALU>.
    Related source file is "G:\GitRepositories\8th Semester\Architecture Lab 2020\MIPS\Codes\ALU.v".
    Found 17-bit subtractor for signal <GND_1_o_GND_1_o_sub_5_OUT> created at line 31.
    Found 17-bit adder for signal <n0057[16:0]> created at line 30.
    Found 32-bit shifter logical left for signal <GND_1_o_input_B[15]_shift_left_8_OUT> created at line 33
    Found 32-bit shifter logical right for signal <GND_1_o_input_B[15]_shift_right_10_OUT> created at line 34
    Found 32-bit 8-to-1 multiplexer for signal <n0027> created at line 30.
    Found 16-bit comparator greater for signal <input_A[15]_input_B[15]_LessThan_16_o> created at line 37
    Summary:
	inferred   2 Adder/Subtractor(s).
	inferred   1 Comparator(s).
	inferred   3 Multiplexer(s).
	inferred   2 Combinational logic shifter(s).
Unit <ALU> synthesized.

=========================================================================
HDL Synthesis Report

Macro Statistics
# Adders/Subtractors                                   : 2
 17-bit adder                                          : 1
 17-bit subtractor                                     : 1
# Comparators                                          : 1
 16-bit comparator greater                             : 1
# Multiplexers                                         : 3
 32-bit 2-to-1 multiplexer                             : 2
 32-bit 8-to-1 multiplexer                             : 1
# Logic shifters                                       : 2
 32-bit shifter logical left                           : 1
 32-bit shifter logical right                          : 1

=========================================================================

=========================================================================
*                       Advanced HDL Synthesis                          *
=========================================================================


=========================================================================
Advanced HDL Synthesis Report

Macro Statistics
# Adders/Subtractors                                   : 2
 17-bit adder                                          : 1
 17-bit subtractor                                     : 1
# Comparators                                          : 1
 16-bit comparator greater                             : 1
# Multiplexers                                         : 3
 32-bit 2-to-1 multiplexer                             : 2
 32-bit 8-to-1 multiplexer                             : 1
# Logic shifters                                       : 2
 32-bit shifter logical left                           : 1
 32-bit shifter logical right                          : 1

=========================================================================

=========================================================================
*                         Low Level Synthesis                           *
=========================================================================

Optimizing unit <ALU> ...

Mapping all equations...
Building and optimizing final netlist ...
Found area constraint ratio of 100 (+ 5) on block ALU, actual ratio is 0.

Final Macro Processing ...

=========================================================================
Final Register Report

Found no macro
=========================================================================

=========================================================================
*                           Partition Report                            *
=========================================================================

Partition Implementation Status
-------------------------------

  No Partitions were found in this design.

-------------------------------

=========================================================================
*                            Design Summary                             *
=========================================================================

Top Level Output File Name         : ALU.ngc

Primitive and Black Box Usage:
------------------------------
# BELS                             : 272
#      GND                         : 1
#      LUT2                        : 36
#      LUT3                        : 20
#      LUT4                        : 34
#      LUT5                        : 24
#      LUT6                        : 76
#      MUXCY                       : 37
#      MUXF7                       : 11
#      VCC                         : 1
#      XORCY                       : 32
# IO Buffers                       : 52
#      IBUF                        : 35
#      OBUF                        : 17

Device utilization summary:
---------------------------

Selected Device : 7a100tcsg324-3 


Slice Logic Utilization: 
 Number of Slice LUTs:                  190  out of  63400     0%  
    Number used as Logic:               190  out of  63400     0%  

Slice Logic Distribution: 
 Number of LUT Flip Flop pairs used:    190
   Number with an unused Flip Flop:     190  out of    190   100%  
   Number with an unused LUT:             0  out of    190     0%  
   Number of fully used LUT-FF pairs:     0  out of    190     0%  
   Number of unique control sets:         0

IO Utilization: 
 Number of IOs:                          52
 Number of bonded IOBs:                  52  out of    210    24%  

Specific Feature Utilization:

---------------------------
Partition Resource Summary:
---------------------------

  No Partitions were found in this design.

---------------------------


=========================================================================
Timing Report

NOTE: THESE TIMING NUMBERS ARE ONLY A SYNTHESIS ESTIMATE.
      FOR ACCURATE TIMING INFORMATION PLEASE REFER TO THE TRACE REPORT
      GENERATED AFTER PLACE-and-ROUTE.

Clock Information:
------------------
No clock signals found in this design

Asynchronous Control Signals Information:
----------------------------------------
No asynchronous control signals found in this design

Timing Summary:
---------------
Speed Grade: -3

   Minimum period: No path found
   Minimum input arrival time before clock: No path found
   Maximum output required time after clock: No path found
   Maximum combinational path delay: 5.304ns

Timing Details:
---------------
All values displayed in nanoseconds (ns)

=========================================================================
Timing constraint: Default path analysis
  Total number of paths / destination ports: 5016 / 17
-------------------------------------------------------------------------
Delay:               5.304ns (Levels of Logic = 11)
  Source:            input_B<15> (PAD)
  Destination:       Zero (PAD)

  Data Path: input_B<15> to Zero
                                Gate     Net
    Cell:in->out      fanout   Delay   Delay  Logical Name (Net Name)
    ----------------------------------------  ------------
     IBUF:I->O             6   0.001   0.716  input_B_15_IBUF (input_B_15_IBUF)
     LUT6:I0->O            1   0.097   0.295  out_SW0 (N4)
     LUT6:I5->O           19   0.097   0.640  out (_n0081)
     LUT4:I0->O           19   0.097   0.767  Mmux_n00271211 (Mmux_n0027121)
     LUT6:I1->O            1   0.097   0.000  Mmux_n0027165_F (N38)
     MUXF7:I0->O           2   0.277   0.300  Mmux_n0027165 (Mmux_n0027164)
     LUT6:I5->O            1   0.097   0.000  Mmux_n0027168_G (N35)
     MUXF7:I1->O           2   0.279   0.561  Mmux_n0027168 (Result_8_OBUF)
     LUT6:I2->O            1   0.097   0.511  Zero<15>1 (Zero<15>)
     LUT6:I3->O            1   0.097   0.279  Zero<15>3 (Zero_OBUF)
     OBUF:I->O                 0.000          Zero_OBUF (Zero)
    ----------------------------------------
    Total                      5.304ns (1.236ns logic, 4.069ns route)
                                       (23.3% logic, 76.7% route)

=========================================================================

Cross Clock Domains Report:
--------------------------

=========================================================================


Total REAL time to Xst completion: 11.00 secs
Total CPU time to Xst completion: 11.67 secs
 
--> 

Total memory usage is 4625484 kilobytes

Number of errors   :    0 (   0 filtered)
Number of warnings :    1 (   0 filtered)
Number of infos    :    0 (   0 filtered)

