Release 14.7 - xst P.20131013 (nt64)
Copyright (c) 1995-2013 Xilinx, Inc.  All rights reserved.
--> Parameter TMPDIR set to xst/projnav.tmp


Total REAL time to Xst completion: 0.00 secs
Total CPU time to Xst completion: 0.10 secs
 
--> Parameter xsthdpdir set to xst


Total REAL time to Xst completion: 0.00 secs
Total CPU time to Xst completion: 0.10 secs
 
--> Reading design: ALU.prj

TABLE OF CONTENTS
  1) Synthesis Options Summary
  2) HDL Parsing
  3) HDL Elaboration
  4) HDL Synthesis
       4.1) HDL Synthesis Report
  5) Advanced HDL Synthesis
       5.1) Advanced HDL Synthesis Report
  6) Low Level Synthesis
  7) Partition Report
  8) Design Summary
       8.1) Primitive and Black Box Usage
       8.2) Device utilization summary
       8.3) Partition Resource Summary
       8.4) Timing Report
            8.4.1) Clock Information
            8.4.2) Asynchronous Control Signals Information
            8.4.3) Timing Summary
            8.4.4) Timing Details
            8.4.5) Cross Clock Domains Report


=========================================================================
*                      Synthesis Options Summary                        *
=========================================================================
---- Source Parameters
Input File Name                    : "ALU.prj"
Ignore Synthesis Constraint File   : NO

---- Target Parameters
Output File Name                   : "ALU"
Output Format                      : NGC
Target Device                      : xc7a100t-3-csg324

---- Source Options
Top Module Name                    : ALU
Automatic FSM Extraction           : YES
FSM Encoding Algorithm             : Auto
Safe Implementation                : No
FSM Style                          : LUT
RAM Extraction                     : Yes
RAM Style                          : Auto
ROM Extraction                     : Yes
Shift Register Extraction          : YES
ROM Style                          : Auto
Resource Sharing                   : YES
Asynchronous To Synchronous        : NO
Shift Register Minimum Size        : 2
Use DSP Block                      : Auto
Automatic Register Balancing       : No

---- Target Options
LUT Combining                      : Auto
Reduce Control Sets                : Auto
Add IO Buffers                     : YES
Global Maximum Fanout              : 100000
Add Generic Clock Buffer(BUFG)     : 32
Register Duplication               : YES
Optimize Instantiated Primitives   : NO
Use Clock Enable                   : Auto
Use Synchronous Set                : Auto
Use Synchronous Reset              : Auto
Pack IO Registers into IOBs        : Auto
Equivalent register Removal        : YES

---- General Options
Optimization Goal                  : Speed
Optimization Effort                : 1
Power Reduction                    : NO
Keep Hierarchy                     : No
Netlist Hierarchy                  : As_Optimized
RTL Output                         : Yes
Global Optimization                : AllClockNets
Read Cores                         : YES
Write Timing Constraints           : NO
Cross Clock Analysis               : NO
Hierarchy Separator                : /
Bus Delimiter                      : <>
Case Specifier                     : Maintain
Slice Utilization Ratio            : 100
BRAM Utilization Ratio             : 100
DSP48 Utilization Ratio            : 100
Auto BRAM Packing                  : NO
Slice Utilization Ratio Delta      : 5

=========================================================================


=========================================================================
*                          HDL Parsing                                  *
=========================================================================
Analyzing Verilog file "G:\GitRepositories\8th Semester\Architecture Lab 2020\HW 2\HW2\ALU.v" into library work
Parsing module <ALU>.

=========================================================================
*                            HDL Elaboration                            *
=========================================================================

Elaborating module <ALU>.
WARNING:HDLCompiler:413 - "G:\GitRepositories\8th Semester\Architecture Lab 2020\HW 2\HW2\ALU.v" Line 41: Result of 32-bit expression is truncated to fit in 1-bit target.

=========================================================================
*                           HDL Synthesis                               *
=========================================================================

Synthesizing Unit <ALU>.
    Related source file is "G:\GitRepositories\8th Semester\Architecture Lab 2020\HW 2\HW2\ALU.v".
    Found 16-bit subtractor for signal <input_A[15]_input_B[15]_sub_2_OUT> created at line 31.
    Found 16-bit adder for signal <input_A[15]_input_B[15]_add_6_OUT> created at line 35.
    Found 16-bit comparator greater for signal <input_B[15]_input_A[15]_LessThan_5_o> created at line 35
    Summary:
	inferred   1 Adder/Subtractor(s).
	inferred   1 Comparator(s).
	inferred   8 Multiplexer(s).
Unit <ALU> synthesized.

=========================================================================
HDL Synthesis Report

Macro Statistics
# Adders/Subtractors                                   : 1
 16-bit addsub                                         : 1
# Comparators                                          : 1
 16-bit comparator greater                             : 1
# Multiplexers                                         : 8
 16-bit 2-to-1 multiplexer                             : 8

=========================================================================
INFO:Xst:1767 - HDL ADVISOR - Resource sharing has identified that some arithmetic operations in this design can share the same physical resources for reduced device utilization. For improved clock frequency you may try to disable resource sharing.

=========================================================================
*                       Advanced HDL Synthesis                          *
=========================================================================


=========================================================================
Advanced HDL Synthesis Report

Macro Statistics
# Adders/Subtractors                                   : 1
 16-bit addsub                                         : 1
# Comparators                                          : 1
 16-bit comparator greater                             : 1
# Multiplexers                                         : 8
 16-bit 2-to-1 multiplexer                             : 8

=========================================================================

=========================================================================
*                         Low Level Synthesis                           *
=========================================================================

Optimizing unit <ALU> ...

Mapping all equations...
Building and optimizing final netlist ...
Found area constraint ratio of 100 (+ 5) on block ALU, actual ratio is 0.

Final Macro Processing ...

=========================================================================
Final Register Report

Found no macro
=========================================================================

=========================================================================
*                           Partition Report                            *
=========================================================================

Partition Implementation Status
-------------------------------

  No Partitions were found in this design.

-------------------------------

=========================================================================
*                            Design Summary                             *
=========================================================================

Top Level Output File Name         : ALU.ngc

Primitive and Black Box Usage:
------------------------------
# BELS                             : 88
#      LUT4                        : 14
#      LUT5                        : 30
#      LUT6                        : 5
#      MUXCY                       : 22
#      VCC                         : 1
#      XORCY                       : 16
# IO Buffers                       : 52
#      IBUF                        : 35
#      OBUF                        : 17

Device utilization summary:
---------------------------

Selected Device : 7a100tcsg324-3 


Slice Logic Utilization: 
 Number of Slice LUTs:                   49  out of  63400     0%  
    Number used as Logic:                49  out of  63400     0%  

Slice Logic Distribution: 
 Number of LUT Flip Flop pairs used:     49
   Number with an unused Flip Flop:      49  out of     49   100%  
   Number with an unused LUT:             0  out of     49     0%  
   Number of fully used LUT-FF pairs:     0  out of     49     0%  
   Number of unique control sets:         0

IO Utilization: 
 Number of IOs:                          52
 Number of bonded IOBs:                  52  out of    210    24%  

Specific Feature Utilization:

---------------------------
Partition Resource Summary:
---------------------------

  No Partitions were found in this design.

---------------------------


=========================================================================
Timing Report

NOTE: THESE TIMING NUMBERS ARE ONLY A SYNTHESIS ESTIMATE.
      FOR ACCURATE TIMING INFORMATION PLEASE REFER TO THE TRACE REPORT
      GENERATED AFTER PLACE-and-ROUTE.

Clock Information:
------------------
No clock signals found in this design

Asynchronous Control Signals Information:
----------------------------------------
No asynchronous control signals found in this design

Timing Summary:
---------------
Speed Grade: -3

   Minimum period: No path found
   Minimum input arrival time before clock: No path found
   Maximum output required time after clock: No path found
   Maximum combinational path delay: 4.849ns

Timing Details:
---------------
All values displayed in nanoseconds (ns)

=========================================================================
Timing constraint: Default path analysis
  Total number of paths / destination ports: 6312 / 17
-------------------------------------------------------------------------
Delay:               4.849ns (Levels of Logic = 16)
  Source:            input_A<0> (PAD)
  Destination:       zero (PAD)

  Data Path: input_A<0> to zero
                                Gate     Net
    Cell:in->out      fanout   Delay   Delay  Logical Name (Net Name)
    ----------------------------------------  ------------
     IBUF:I->O             4   0.001   0.570  input_A_0_IBUF (input_A_0_IBUF)
     LUT4:I0->O            1   0.097   0.000  Mcompar_input_B[15]_input_A[15]_LessThan_5_o_lut<0> (Mcompar_input_B[15]_input_A[15]_LessThan_5_o_lut<0>)
     MUXCY:S->O            1   0.353   0.000  Mcompar_input_B[15]_input_A[15]_LessThan_5_o_cy<0> (Mcompar_input_B[15]_input_A[15]_LessThan_5_o_cy<0>)
     MUXCY:CI->O           1   0.023   0.000  Mcompar_input_B[15]_input_A[15]_LessThan_5_o_cy<1> (Mcompar_input_B[15]_input_A[15]_LessThan_5_o_cy<1>)
     MUXCY:CI->O           1   0.023   0.000  Mcompar_input_B[15]_input_A[15]_LessThan_5_o_cy<2> (Mcompar_input_B[15]_input_A[15]_LessThan_5_o_cy<2>)
     MUXCY:CI->O           1   0.023   0.000  Mcompar_input_B[15]_input_A[15]_LessThan_5_o_cy<3> (Mcompar_input_B[15]_input_A[15]_LessThan_5_o_cy<3>)
     MUXCY:CI->O           1   0.023   0.000  Mcompar_input_B[15]_input_A[15]_LessThan_5_o_cy<4> (Mcompar_input_B[15]_input_A[15]_LessThan_5_o_cy<4>)
     MUXCY:CI->O           1   0.023   0.000  Mcompar_input_B[15]_input_A[15]_LessThan_5_o_cy<5> (Mcompar_input_B[15]_input_A[15]_LessThan_5_o_cy<5>)
     MUXCY:CI->O           1   0.253   0.379  Mcompar_input_B[15]_input_A[15]_LessThan_5_o_cy<6> (Mcompar_input_B[15]_input_A[15]_LessThan_5_o_cy<6>)
     LUT5:I3->O            2   0.097   0.299  Mcompar_input_B[15]_input_A[15]_LessThan_5_o_cy<7> (Mcompar_input_B[15]_input_A[15]_LessThan_5_o_cy<7>)
     LUT6:I5->O            1   0.097   0.000  Mmux_output_O_rs_lut<0> (Mmux_output_O_rs_lut<0>)
     MUXCY:S->O            1   0.353   0.000  Mmux_output_O_rs_cy<0> (Mmux_output_O_rs_cy<0>)
     XORCY:CI->O           2   0.370   0.697  Mmux_output_O_rs_xor<1> (output_O_1_OBUF)
     LUT6:I0->O            1   0.097   0.693  _n00322 (_n00321)
     LUT6:I0->O            1   0.097   0.279  _n00323 (zero_OBUF)
     OBUF:I->O                 0.000          zero_OBUF (zero)
    ----------------------------------------
    Total                      4.849ns (1.930ns logic, 2.919ns route)
                                       (39.8% logic, 60.2% route)

=========================================================================

Cross Clock Domains Report:
--------------------------

=========================================================================


Total REAL time to Xst completion: 8.00 secs
Total CPU time to Xst completion: 8.44 secs
 
--> 

Total memory usage is 4625452 kilobytes

Number of errors   :    0 (   0 filtered)
Number of warnings :    1 (   0 filtered)
Number of infos    :    1 (   0 filtered)

