Command line:
   Instruction_Mem_isim_beh.exe
     -simmode  gui
     -simrunnum  0
     -socket  1637

Sun Aug 09 19:11:28 2020


 Elaboration Time: 0.015625 sec

 Current Memory Usage: 5159.9 Meg

 Total Signals          : 15
 Total Nets             : 45
 Total Signal Drivers   : 6
 Total Blocks           : 2
 Total Primitive Blocks : 2
 Total Processes        : 8
 Total Traceable Variables  : 20
 Total Scalar Nets and Variables : 2205
Total Line Count : 20

 Total Simulation Time: 0.015625 sec

 Current Memory Usage: 5159.9 Meg

Sun Aug 09 19:11:35 2020

