Command line:
   Sign_Extend_isim_beh.exe
     -simmode  gui
     -simrunnum  0
     -socket  62524

Wed Nov 13 03:17:34 2019


 Elaboration Time: 0.078125 sec

 Current Memory Usage: 5180.25 Meg

 Total Signals          : 14
 Total Nets             : 61
 Total Signal Drivers   : 6
 Total Blocks           : 2
 Total Primitive Blocks : 2
 Total Processes        : 9
 Total Traceable Variables  : 19
 Total Scalar Nets and Variables : 173
In process Sign_Extend.vCont_26_0 
 FATAL ERROR:ISim: This application has discovered an exceptional condition from which it cannot recover. Process will terminate. To search for possible resolutions to this issue, refer to the Xilinx answer database by going to http://www.xilinx.com/support/answers/index.htm and search with keywords 'ISim' and 'FATAL ERROR'. For technical support on this issue, please open a WebCase with this project attached at http://www.xilinx.com/support.

 Total Simulation Time: 0.453125 sec

 Current Memory Usage: 5232.27 Meg

Wed Nov 13 03:17:55 2019

